2025-09-02 13:00:18.245 [warning] [openssl_factory.cc:OpensslDrbg:83] Yacl has been configured to use Yacl's entropy source, but unable to find one. Fallback to use openssl's default entropy srouce
2025-09-02 13:00:18.245 [warning] [openssl_factory.cc:OpensslDrbg:83] Yacl has been configured to use Yacl's entropy source, but unable to find one. Fallback to use openssl's default entropy srouce
2025-09-02 13:00:18.245 [warning] [openssl_factory.cc:OpensslDrbg:83] Yacl has been configured to use Yacl's entropy source, but unable to find one. Fallback to use openssl's default entropy srouce
2025-09-02 13:00:18.248 [warning] [openssl_factory.cc:OpensslDrbg:83] Yacl has been configured to use Yacl's entropy source, but unable to find one. Fallback to use openssl's default entropy srouce
2025-09-02 13:00:18.248 [warning] [openssl_factory.cc:OpensslDrbg:83] Yacl has been configured to use Yacl's entropy source, but unable to find one. Fallback to use openssl's default entropy srouce
2025-09-02 13:00:18.249 [warning] [openssl_factory.cc:OpensslDrbg:83] Yacl has been configured to use Yacl's entropy source, but unable to find one. Fallback to use openssl's default entropy srouce
2025-09-02 13:04:22.833 [info] [thread_pool.cc:ThreadPool:30] Create a fixed thread pool with size 31
2025-09-02 13:04:22.833 [info] [thread_pool.cc:ThreadPool:30] Create a fixed thread pool with size 31
2025-09-02 13:04:22.833 [info] [thread_pool.cc:ThreadPool:30] Create a fixed thread pool with size 31
2025-09-03 15:15:01.352 [warning] [openssl_factory.cc:OpensslDrbg:83] Yacl has been configured to use Yacl's entropy source, but unable to find one. Fallback to use openssl's default entropy srouce
2025-09-03 15:15:01.352 [warning] [openssl_factory.cc:OpensslDrbg:83] Yacl has been configured to use Yacl's entropy source, but unable to find one. Fallback to use openssl's default entropy srouce
2025-09-03 15:15:01.352 [warning] [openssl_factory.cc:OpensslDrbg:83] Yacl has been configured to use Yacl's entropy source, but unable to find one. Fallback to use openssl's default entropy srouce
2025-09-03 15:15:01.354 [warning] [openssl_factory.cc:OpensslDrbg:83] Yacl has been configured to use Yacl's entropy source, but unable to find one. Fallback to use openssl's default entropy srouce
2025-09-03 15:15:01.354 [warning] [openssl_factory.cc:OpensslDrbg:83] Yacl has been configured to use Yacl's entropy source, but unable to find one. Fallback to use openssl's default entropy srouce
2025-09-03 15:15:01.357 [warning] [openssl_factory.cc:OpensslDrbg:83] Yacl has been configured to use Yacl's entropy source, but unable to find one. Fallback to use openssl's default entropy srouce
2025-09-03 15:19:10.896 [info] [thread_pool.cc:ThreadPool:30] Create a fixed thread pool with size 31
2025-09-03 15:19:10.898 [info] [thread_pool.cc:ThreadPool:30] Create a fixed thread pool with size 31
2025-09-03 15:19:10.899 [info] [thread_pool.cc:ThreadPool:30] Create a fixed thread pool with size 31
2025-09-03 15:37:38.115 [warning] [openssl_factory.cc:OpensslDrbg:83] Yacl has been configured to use Yacl's entropy source, but unable to find one. Fallback to use openssl's default entropy srouce
2025-09-03 15:37:38.115 [warning] [openssl_factory.cc:OpensslDrbg:83] Yacl has been configured to use Yacl's entropy source, but unable to find one. Fallback to use openssl's default entropy srouce
2025-09-03 15:37:38.116 [warning] [openssl_factory.cc:OpensslDrbg:83] Yacl has been configured to use Yacl's entropy source, but unable to find one. Fallback to use openssl's default entropy srouce
2025-09-03 15:37:38.117 [warning] [openssl_factory.cc:OpensslDrbg:83] Yacl has been configured to use Yacl's entropy source, but unable to find one. Fallback to use openssl's default entropy srouce
2025-09-03 15:37:38.118 [warning] [openssl_factory.cc:OpensslDrbg:83] Yacl has been configured to use Yacl's entropy source, but unable to find one. Fallback to use openssl's default entropy srouce
2025-09-03 15:37:38.119 [warning] [openssl_factory.cc:OpensslDrbg:83] Yacl has been configured to use Yacl's entropy source, but unable to find one. Fallback to use openssl's default entropy srouce
2025-09-03 15:41:47.425 [info] [thread_pool.cc:ThreadPool:30] Create a fixed thread pool with size 31
2025-09-03 15:41:47.428 [info] [thread_pool.cc:ThreadPool:30] Create a fixed thread pool with size 31
2025-09-03 15:41:47.433 [info] [thread_pool.cc:ThreadPool:30] Create a fixed thread pool with size 31
2025-09-03 16:52:10.376 [warning] [openssl_factory.cc:OpensslDrbg:83] Yacl has been configured to use Yacl's entropy source, but unable to find one. Fallback to use openssl's default entropy srouce
2025-09-03 16:52:10.376 [warning] [openssl_factory.cc:OpensslDrbg:83] Yacl has been configured to use Yacl's entropy source, but unable to find one. Fallback to use openssl's default entropy srouce
2025-09-03 16:52:10.377 [warning] [openssl_factory.cc:OpensslDrbg:83] Yacl has been configured to use Yacl's entropy source, but unable to find one. Fallback to use openssl's default entropy srouce
2025-09-03 16:52:10.379 [warning] [openssl_factory.cc:OpensslDrbg:83] Yacl has been configured to use Yacl's entropy source, but unable to find one. Fallback to use openssl's default entropy srouce
2025-09-03 16:52:10.380 [warning] [openssl_factory.cc:OpensslDrbg:83] Yacl has been configured to use Yacl's entropy source, but unable to find one. Fallback to use openssl's default entropy srouce
2025-09-03 16:52:10.380 [warning] [openssl_factory.cc:OpensslDrbg:83] Yacl has been configured to use Yacl's entropy source, but unable to find one. Fallback to use openssl's default entropy srouce
2025-09-03 16:56:28.986 [warning] [openssl_factory.cc:OpensslDrbg:83] Yacl has been configured to use Yacl's entropy source, but unable to find one. Fallback to use openssl's default entropy srouce
2025-09-03 16:56:28.986 [warning] [openssl_factory.cc:OpensslDrbg:83] Yacl has been configured to use Yacl's entropy source, but unable to find one. Fallback to use openssl's default entropy srouce
2025-09-03 16:56:28.987 [warning] [openssl_factory.cc:OpensslDrbg:83] Yacl has been configured to use Yacl's entropy source, but unable to find one. Fallback to use openssl's default entropy srouce
2025-09-03 16:56:28.988 [warning] [openssl_factory.cc:OpensslDrbg:83] Yacl has been configured to use Yacl's entropy source, but unable to find one. Fallback to use openssl's default entropy srouce
2025-09-03 16:56:28.988 [warning] [openssl_factory.cc:OpensslDrbg:83] Yacl has been configured to use Yacl's entropy source, but unable to find one. Fallback to use openssl's default entropy srouce
2025-09-03 16:56:28.990 [warning] [openssl_factory.cc:OpensslDrbg:83] Yacl has been configured to use Yacl's entropy source, but unable to find one. Fallback to use openssl's default entropy srouce
2025-09-03 16:57:53.209 [info] [thread_pool.cc:ThreadPool:30] Create a fixed thread pool with size 31
2025-09-03 16:57:53.209 [info] [thread_pool.cc:ThreadPool:30] Create a fixed thread pool with size 31
2025-09-03 16:57:53.210 [info] [thread_pool.cc:ThreadPool:30] Create a fixed thread pool with size 31
2025-09-03 17:03:01.703 [warning] [openssl_factory.cc:OpensslDrbg:83] Yacl has been configured to use Yacl's entropy source, but unable to find one. Fallback to use openssl's default entropy srouce
2025-09-03 17:03:01.703 [warning] [openssl_factory.cc:OpensslDrbg:83] Yacl has been configured to use Yacl's entropy source, but unable to find one. Fallback to use openssl's default entropy srouce
2025-09-03 17:03:01.703 [warning] [openssl_factory.cc:OpensslDrbg:83] Yacl has been configured to use Yacl's entropy source, but unable to find one. Fallback to use openssl's default entropy srouce
2025-09-03 17:03:01.705 [warning] [openssl_factory.cc:OpensslDrbg:83] Yacl has been configured to use Yacl's entropy source, but unable to find one. Fallback to use openssl's default entropy srouce
2025-09-03 17:03:01.705 [warning] [openssl_factory.cc:OpensslDrbg:83] Yacl has been configured to use Yacl's entropy source, but unable to find one. Fallback to use openssl's default entropy srouce
2025-09-03 17:03:01.709 [warning] [openssl_factory.cc:OpensslDrbg:83] Yacl has been configured to use Yacl's entropy source, but unable to find one. Fallback to use openssl's default entropy srouce
2025-09-03 17:04:25.484 [info] [thread_pool.cc:ThreadPool:30] Create a fixed thread pool with size 31
2025-09-03 17:04:25.484 [info] [thread_pool.cc:ThreadPool:30] Create a fixed thread pool with size 31
2025-09-03 17:04:25.485 [info] [thread_pool.cc:ThreadPool:30] Create a fixed thread pool with size 31
2025-09-03 17:09:03.614 [warning] [openssl_factory.cc:OpensslDrbg:83] Yacl has been configured to use Yacl's entropy source, but unable to find one. Fallback to use openssl's default entropy srouce
2025-09-03 17:09:03.614 [warning] [openssl_factory.cc:OpensslDrbg:83] Yacl has been configured to use Yacl's entropy source, but unable to find one. Fallback to use openssl's default entropy srouce
2025-09-03 17:09:03.615 [warning] [openssl_factory.cc:OpensslDrbg:83] Yacl has been configured to use Yacl's entropy source, but unable to find one. Fallback to use openssl's default entropy srouce
2025-09-03 17:09:03.616 [warning] [openssl_factory.cc:OpensslDrbg:83] Yacl has been configured to use Yacl's entropy source, but unable to find one. Fallback to use openssl's default entropy srouce
2025-09-03 17:09:03.620 [warning] [openssl_factory.cc:OpensslDrbg:83] Yacl has been configured to use Yacl's entropy source, but unable to find one. Fallback to use openssl's default entropy srouce
2025-09-03 17:09:03.620 [warning] [openssl_factory.cc:OpensslDrbg:83] Yacl has been configured to use Yacl's entropy source, but unable to find one. Fallback to use openssl's default entropy srouce
2025-09-03 17:10:29.565 [info] [thread_pool.cc:ThreadPool:30] Create a fixed thread pool with size 31
2025-09-03 17:10:29.566 [info] [thread_pool.cc:ThreadPool:30] Create a fixed thread pool with size 31
2025-09-03 17:10:29.566 [info] [thread_pool.cc:ThreadPool:30] Create a fixed thread pool with size 31
2025-09-03 17:14:15.967 [warning] [openssl_factory.cc:OpensslDrbg:83] Yacl has been configured to use Yacl's entropy source, but unable to find one. Fallback to use openssl's default entropy srouce
2025-09-03 17:14:15.967 [warning] [openssl_factory.cc:OpensslDrbg:83] Yacl has been configured to use Yacl's entropy source, but unable to find one. Fallback to use openssl's default entropy srouce
2025-09-03 17:14:15.967 [warning] [openssl_factory.cc:OpensslDrbg:83] Yacl has been configured to use Yacl's entropy source, but unable to find one. Fallback to use openssl's default entropy srouce
2025-09-03 17:14:15.969 [warning] [openssl_factory.cc:OpensslDrbg:83] Yacl has been configured to use Yacl's entropy source, but unable to find one. Fallback to use openssl's default entropy srouce
2025-09-03 17:14:15.970 [warning] [openssl_factory.cc:OpensslDrbg:83] Yacl has been configured to use Yacl's entropy source, but unable to find one. Fallback to use openssl's default entropy srouce
2025-09-03 17:14:15.971 [warning] [openssl_factory.cc:OpensslDrbg:83] Yacl has been configured to use Yacl's entropy source, but unable to find one. Fallback to use openssl's default entropy srouce
2025-09-03 17:15:42.241 [info] [thread_pool.cc:ThreadPool:30] Create a fixed thread pool with size 31
2025-09-03 17:15:42.241 [info] [thread_pool.cc:ThreadPool:30] Create a fixed thread pool with size 31
2025-09-03 17:15:42.241 [info] [thread_pool.cc:ThreadPool:30] Create a fixed thread pool with size 31
2025-09-03 19:42:50.118 [warning] [openssl_factory.cc:OpensslDrbg:83] Yacl has been configured to use Yacl's entropy source, but unable to find one. Fallback to use openssl's default entropy srouce
2025-09-03 19:42:50.118 [warning] [openssl_factory.cc:OpensslDrbg:83] Yacl has been configured to use Yacl's entropy source, but unable to find one. Fallback to use openssl's default entropy srouce
2025-09-03 19:42:50.118 [warning] [openssl_factory.cc:OpensslDrbg:83] Yacl has been configured to use Yacl's entropy source, but unable to find one. Fallback to use openssl's default entropy srouce
2025-09-03 19:42:50.121 [warning] [openssl_factory.cc:OpensslDrbg:83] Yacl has been configured to use Yacl's entropy source, but unable to find one. Fallback to use openssl's default entropy srouce
2025-09-03 19:42:50.121 [warning] [openssl_factory.cc:OpensslDrbg:83] Yacl has been configured to use Yacl's entropy source, but unable to find one. Fallback to use openssl's default entropy srouce
2025-09-03 19:42:50.121 [warning] [openssl_factory.cc:OpensslDrbg:83] Yacl has been configured to use Yacl's entropy source, but unable to find one. Fallback to use openssl's default entropy srouce
2025-09-03 19:44:11.963 [info] [thread_pool.cc:ThreadPool:30] Create a fixed thread pool with size 31
2025-09-03 19:44:11.971 [info] [thread_pool.cc:ThreadPool:30] Create a fixed thread pool with size 31
2025-09-03 19:44:11.972 [info] [thread_pool.cc:ThreadPool:30] Create a fixed thread pool with size 31
2025-09-03 19:50:13.501 [warning] [openssl_factory.cc:OpensslDrbg:83] Yacl has been configured to use Yacl's entropy source, but unable to find one. Fallback to use openssl's default entropy srouce
2025-09-03 19:50:13.501 [warning] [openssl_factory.cc:OpensslDrbg:83] Yacl has been configured to use Yacl's entropy source, but unable to find one. Fallback to use openssl's default entropy srouce
2025-09-03 19:50:13.501 [warning] [openssl_factory.cc:OpensslDrbg:83] Yacl has been configured to use Yacl's entropy source, but unable to find one. Fallback to use openssl's default entropy srouce
2025-09-03 19:50:13.504 [warning] [openssl_factory.cc:OpensslDrbg:83] Yacl has been configured to use Yacl's entropy source, but unable to find one. Fallback to use openssl's default entropy srouce
2025-09-03 19:50:13.505 [warning] [openssl_factory.cc:OpensslDrbg:83] Yacl has been configured to use Yacl's entropy source, but unable to find one. Fallback to use openssl's default entropy srouce
2025-09-03 19:50:13.505 [warning] [openssl_factory.cc:OpensslDrbg:83] Yacl has been configured to use Yacl's entropy source, but unable to find one. Fallback to use openssl's default entropy srouce
2025-09-03 19:51:35.664 [info] [thread_pool.cc:ThreadPool:30] Create a fixed thread pool with size 31
2025-09-03 19:51:35.664 [info] [thread_pool.cc:ThreadPool:30] Create a fixed thread pool with size 31
2025-09-03 19:51:35.664 [info] [thread_pool.cc:ThreadPool:30] Create a fixed thread pool with size 31
2025-09-03 20:11:47.842 [error] [server.cpp:BRPC:1097] Fail to listen 127.0.0.1:9002
2025-09-03 20:11:47.849 [warning] [channel.h:~Channel:163] Channel destructor is called before WaitLinkTaskFinish, try stop send thread
2025-09-03 20:11:47.849 [warning] [channel.h:~Channel:163] Channel destructor is called before WaitLinkTaskFinish, try stop send thread
2025-09-03 20:11:47.917 [error] [server.cpp:BRPC:1097] Fail to listen 127.0.0.1:9001
2025-09-03 20:11:47.929 [warning] [channel.h:~Channel:163] Channel destructor is called before WaitLinkTaskFinish, try stop send thread
2025-09-03 20:11:47.930 [warning] [channel.h:~Channel:163] Channel destructor is called before WaitLinkTaskFinish, try stop send thread
2025-09-03 20:11:47.945 [error] [server.cpp:BRPC:1097] Fail to listen 127.0.0.1:9003
2025-09-03 20:11:47.952 [warning] [channel.h:~Channel:163] Channel destructor is called before WaitLinkTaskFinish, try stop send thread
2025-09-03 20:11:47.952 [warning] [channel.h:~Channel:163] Channel destructor is called before WaitLinkTaskFinish, try stop send thread
2025-09-03 20:20:02.916 [warning] [openssl_factory.cc:OpensslDrbg:83] Yacl has been configured to use Yacl's entropy source, but unable to find one. Fallback to use openssl's default entropy srouce
2025-09-03 20:20:02.916 [warning] [openssl_factory.cc:OpensslDrbg:83] Yacl has been configured to use Yacl's entropy source, but unable to find one. Fallback to use openssl's default entropy srouce
2025-09-03 20:20:02.917 [warning] [openssl_factory.cc:OpensslDrbg:83] Yacl has been configured to use Yacl's entropy source, but unable to find one. Fallback to use openssl's default entropy srouce
2025-09-03 20:20:02.920 [warning] [openssl_factory.cc:OpensslDrbg:83] Yacl has been configured to use Yacl's entropy source, but unable to find one. Fallback to use openssl's default entropy srouce
2025-09-03 20:20:02.920 [warning] [openssl_factory.cc:OpensslDrbg:83] Yacl has been configured to use Yacl's entropy source, but unable to find one. Fallback to use openssl's default entropy srouce
2025-09-03 20:20:02.921 [warning] [openssl_factory.cc:OpensslDrbg:83] Yacl has been configured to use Yacl's entropy source, but unable to find one. Fallback to use openssl's default entropy srouce
2025-09-03 20:26:45.054 [warning] [openssl_factory.cc:OpensslDrbg:83] Yacl has been configured to use Yacl's entropy source, but unable to find one. Fallback to use openssl's default entropy srouce
2025-09-03 20:26:45.054 [warning] [openssl_factory.cc:OpensslDrbg:83] Yacl has been configured to use Yacl's entropy source, but unable to find one. Fallback to use openssl's default entropy srouce
2025-09-03 20:26:45.054 [warning] [openssl_factory.cc:OpensslDrbg:83] Yacl has been configured to use Yacl's entropy source, but unable to find one. Fallback to use openssl's default entropy srouce
2025-09-03 20:26:45.055 [warning] [openssl_factory.cc:OpensslDrbg:83] Yacl has been configured to use Yacl's entropy source, but unable to find one. Fallback to use openssl's default entropy srouce
2025-09-03 20:26:45.056 [warning] [openssl_factory.cc:OpensslDrbg:83] Yacl has been configured to use Yacl's entropy source, but unable to find one. Fallback to use openssl's default entropy srouce
2025-09-03 20:26:45.058 [warning] [openssl_factory.cc:OpensslDrbg:83] Yacl has been configured to use Yacl's entropy source, but unable to find one. Fallback to use openssl's default entropy srouce
2025-09-03 20:36:22.625 [warning] [openssl_factory.cc:OpensslDrbg:83] Yacl has been configured to use Yacl's entropy source, but unable to find one. Fallback to use openssl's default entropy srouce
2025-09-03 20:36:22.626 [warning] [openssl_factory.cc:OpensslDrbg:83] Yacl has been configured to use Yacl's entropy source, but unable to find one. Fallback to use openssl's default entropy srouce
2025-09-03 20:36:22.626 [warning] [openssl_factory.cc:OpensslDrbg:83] Yacl has been configured to use Yacl's entropy source, but unable to find one. Fallback to use openssl's default entropy srouce
2025-09-03 20:36:22.629 [warning] [openssl_factory.cc:OpensslDrbg:83] Yacl has been configured to use Yacl's entropy source, but unable to find one. Fallback to use openssl's default entropy srouce
2025-09-03 20:36:22.629 [warning] [openssl_factory.cc:OpensslDrbg:83] Yacl has been configured to use Yacl's entropy source, but unable to find one. Fallback to use openssl's default entropy srouce
2025-09-03 20:36:22.629 [warning] [openssl_factory.cc:OpensslDrbg:83] Yacl has been configured to use Yacl's entropy source, but unable to find one. Fallback to use openssl's default entropy srouce
2025-09-03 20:37:44.947 [info] [thread_pool.cc:ThreadPool:30] Create a fixed thread pool with size 31
2025-09-03 20:37:44.947 [info] [thread_pool.cc:ThreadPool:30] Create a fixed thread pool with size 31
2025-09-03 20:37:44.948 [info] [thread_pool.cc:ThreadPool:30] Create a fixed thread pool with size 31
2025-09-03 20:46:39.222 [warning] [openssl_factory.cc:OpensslDrbg:83] Yacl has been configured to use Yacl's entropy source, but unable to find one. Fallback to use openssl's default entropy srouce
2025-09-03 20:46:39.223 [warning] [openssl_factory.cc:OpensslDrbg:83] Yacl has been configured to use Yacl's entropy source, but unable to find one. Fallback to use openssl's default entropy srouce
2025-09-03 20:46:39.223 [warning] [openssl_factory.cc:OpensslDrbg:83] Yacl has been configured to use Yacl's entropy source, but unable to find one. Fallback to use openssl's default entropy srouce
2025-09-03 20:46:39.226 [warning] [openssl_factory.cc:OpensslDrbg:83] Yacl has been configured to use Yacl's entropy source, but unable to find one. Fallback to use openssl's default entropy srouce
2025-09-03 20:46:39.226 [warning] [openssl_factory.cc:OpensslDrbg:83] Yacl has been configured to use Yacl's entropy source, but unable to find one. Fallback to use openssl's default entropy srouce
2025-09-03 20:46:39.226 [warning] [openssl_factory.cc:OpensslDrbg:83] Yacl has been configured to use Yacl's entropy source, but unable to find one. Fallback to use openssl's default entropy srouce
2025-09-03 20:48:01.514 [info] [thread_pool.cc:ThreadPool:30] Create a fixed thread pool with size 31
2025-09-03 20:48:01.514 [info] [thread_pool.cc:ThreadPool:30] Create a fixed thread pool with size 31
2025-09-03 20:48:01.515 [info] [thread_pool.cc:ThreadPool:30] Create a fixed thread pool with size 31
2025-09-03 20:53:53.940 [warning] [openssl_factory.cc:OpensslDrbg:83] Yacl has been configured to use Yacl's entropy source, but unable to find one. Fallback to use openssl's default entropy srouce
2025-09-03 20:53:53.940 [warning] [openssl_factory.cc:OpensslDrbg:83] Yacl has been configured to use Yacl's entropy source, but unable to find one. Fallback to use openssl's default entropy srouce
2025-09-03 20:53:53.940 [warning] [openssl_factory.cc:OpensslDrbg:83] Yacl has been configured to use Yacl's entropy source, but unable to find one. Fallback to use openssl's default entropy srouce
2025-09-03 20:53:53.943 [warning] [openssl_factory.cc:OpensslDrbg:83] Yacl has been configured to use Yacl's entropy source, but unable to find one. Fallback to use openssl's default entropy srouce
2025-09-03 20:53:53.943 [warning] [openssl_factory.cc:OpensslDrbg:83] Yacl has been configured to use Yacl's entropy source, but unable to find one. Fallback to use openssl's default entropy srouce
2025-09-03 20:53:53.943 [warning] [openssl_factory.cc:OpensslDrbg:83] Yacl has been configured to use Yacl's entropy source, but unable to find one. Fallback to use openssl's default entropy srouce
2025-09-03 20:58:19.532 [warning] [openssl_factory.cc:OpensslDrbg:83] Yacl has been configured to use Yacl's entropy source, but unable to find one. Fallback to use openssl's default entropy srouce
2025-09-03 20:58:19.532 [warning] [openssl_factory.cc:OpensslDrbg:83] Yacl has been configured to use Yacl's entropy source, but unable to find one. Fallback to use openssl's default entropy srouce
2025-09-03 20:58:19.532 [warning] [openssl_factory.cc:OpensslDrbg:83] Yacl has been configured to use Yacl's entropy source, but unable to find one. Fallback to use openssl's default entropy srouce
2025-09-03 20:58:19.534 [warning] [openssl_factory.cc:OpensslDrbg:83] Yacl has been configured to use Yacl's entropy source, but unable to find one. Fallback to use openssl's default entropy srouce
2025-09-03 20:58:19.535 [warning] [openssl_factory.cc:OpensslDrbg:83] Yacl has been configured to use Yacl's entropy source, but unable to find one. Fallback to use openssl's default entropy srouce
2025-09-03 20:58:19.536 [warning] [openssl_factory.cc:OpensslDrbg:83] Yacl has been configured to use Yacl's entropy source, but unable to find one. Fallback to use openssl's default entropy srouce
2025-09-03 20:59:41.210 [info] [thread_pool.cc:ThreadPool:30] Create a fixed thread pool with size 31
2025-09-03 20:59:41.211 [info] [thread_pool.cc:ThreadPool:30] Create a fixed thread pool with size 31
2025-09-03 20:59:41.211 [info] [thread_pool.cc:ThreadPool:30] Create a fixed thread pool with size 31
2025-09-03 21:26:38.133 [warning] [openssl_factory.cc:OpensslDrbg:83] Yacl has been configured to use Yacl's entropy source, but unable to find one. Fallback to use openssl's default entropy srouce
2025-09-03 21:26:38.133 [warning] [openssl_factory.cc:OpensslDrbg:83] Yacl has been configured to use Yacl's entropy source, but unable to find one. Fallback to use openssl's default entropy srouce
2025-09-03 21:26:38.133 [warning] [openssl_factory.cc:OpensslDrbg:83] Yacl has been configured to use Yacl's entropy source, but unable to find one. Fallback to use openssl's default entropy srouce
2025-09-03 21:26:38.135 [warning] [openssl_factory.cc:OpensslDrbg:83] Yacl has been configured to use Yacl's entropy source, but unable to find one. Fallback to use openssl's default entropy srouce
2025-09-03 21:26:38.137 [warning] [openssl_factory.cc:OpensslDrbg:83] Yacl has been configured to use Yacl's entropy source, but unable to find one. Fallback to use openssl's default entropy srouce
2025-09-03 21:26:38.137 [warning] [openssl_factory.cc:OpensslDrbg:83] Yacl has been configured to use Yacl's entropy source, but unable to find one. Fallback to use openssl's default entropy srouce
2025-09-03 21:27:59.535 [info] [thread_pool.cc:ThreadPool:30] Create a fixed thread pool with size 31
2025-09-03 21:27:59.535 [info] [thread_pool.cc:ThreadPool:30] Create a fixed thread pool with size 31
2025-09-03 21:27:59.536 [info] [thread_pool.cc:ThreadPool:30] Create a fixed thread pool with size 31
2025-09-04 14:30:47.491 [warning] [openssl_factory.cc:OpensslDrbg:83] Yacl has been configured to use Yacl's entropy source, but unable to find one. Fallback to use openssl's default entropy srouce
2025-09-04 14:30:47.491 [warning] [openssl_factory.cc:OpensslDrbg:83] Yacl has been configured to use Yacl's entropy source, but unable to find one. Fallback to use openssl's default entropy srouce
2025-09-04 14:30:47.491 [warning] [openssl_factory.cc:OpensslDrbg:83] Yacl has been configured to use Yacl's entropy source, but unable to find one. Fallback to use openssl's default entropy srouce
2025-09-04 14:30:47.493 [warning] [openssl_factory.cc:OpensslDrbg:83] Yacl has been configured to use Yacl's entropy source, but unable to find one. Fallback to use openssl's default entropy srouce
2025-09-04 14:30:47.495 [warning] [openssl_factory.cc:OpensslDrbg:83] Yacl has been configured to use Yacl's entropy source, but unable to find one. Fallback to use openssl's default entropy srouce
2025-09-04 14:30:47.495 [warning] [openssl_factory.cc:OpensslDrbg:83] Yacl has been configured to use Yacl's entropy source, but unable to find one. Fallback to use openssl's default entropy srouce
2025-09-04 14:32:10.940 [info] [thread_pool.cc:ThreadPool:30] Create a fixed thread pool with size 31
2025-09-04 14:32:10.940 [info] [thread_pool.cc:ThreadPool:30] Create a fixed thread pool with size 31
2025-09-04 14:32:10.941 [info] [thread_pool.cc:ThreadPool:30] Create a fixed thread pool with size 31
2025-09-04 16:39:52.480 [warning] [openssl_factory.cc:OpensslDrbg:83] Yacl has been configured to use Yacl's entropy source, but unable to find one. Fallback to use openssl's default entropy srouce
2025-09-04 16:39:52.480 [warning] [openssl_factory.cc:OpensslDrbg:83] Yacl has been configured to use Yacl's entropy source, but unable to find one. Fallback to use openssl's default entropy srouce
2025-09-04 16:39:52.480 [warning] [openssl_factory.cc:OpensslDrbg:83] Yacl has been configured to use Yacl's entropy source, but unable to find one. Fallback to use openssl's default entropy srouce
2025-09-04 16:39:52.483 [warning] [openssl_factory.cc:OpensslDrbg:83] Yacl has been configured to use Yacl's entropy source, but unable to find one. Fallback to use openssl's default entropy srouce
2025-09-04 16:39:52.485 [warning] [openssl_factory.cc:OpensslDrbg:83] Yacl has been configured to use Yacl's entropy source, but unable to find one. Fallback to use openssl's default entropy srouce
2025-09-04 16:39:52.491 [warning] [openssl_factory.cc:OpensslDrbg:83] Yacl has been configured to use Yacl's entropy source, but unable to find one. Fallback to use openssl's default entropy srouce
2025-09-04 16:41:19.748 [info] [thread_pool.cc:ThreadPool:30] Create a fixed thread pool with size 31
2025-09-04 16:41:19.748 [info] [thread_pool.cc:ThreadPool:30] Create a fixed thread pool with size 31
2025-09-04 16:41:19.749 [info] [thread_pool.cc:ThreadPool:30] Create a fixed thread pool with size 31
2025-09-04 19:17:31.141 [warning] [openssl_factory.cc:OpensslDrbg:83] Yacl has been configured to use Yacl's entropy source, but unable to find one. Fallback to use openssl's default entropy srouce
2025-09-04 19:17:31.141 [warning] [openssl_factory.cc:OpensslDrbg:83] Yacl has been configured to use Yacl's entropy source, but unable to find one. Fallback to use openssl's default entropy srouce
2025-09-04 19:17:31.141 [warning] [openssl_factory.cc:OpensslDrbg:83] Yacl has been configured to use Yacl's entropy source, but unable to find one. Fallback to use openssl's default entropy srouce
2025-09-04 19:17:31.144 [warning] [openssl_factory.cc:OpensslDrbg:83] Yacl has been configured to use Yacl's entropy source, but unable to find one. Fallback to use openssl's default entropy srouce
2025-09-04 19:17:31.144 [warning] [openssl_factory.cc:OpensslDrbg:83] Yacl has been configured to use Yacl's entropy source, but unable to find one. Fallback to use openssl's default entropy srouce
2025-09-04 19:17:31.145 [warning] [openssl_factory.cc:OpensslDrbg:83] Yacl has been configured to use Yacl's entropy source, but unable to find one. Fallback to use openssl's default entropy srouce
2025-09-04 19:18:58.520 [info] [thread_pool.cc:ThreadPool:30] Create a fixed thread pool with size 31
2025-09-04 19:18:58.520 [info] [thread_pool.cc:ThreadPool:30] Create a fixed thread pool with size 31
2025-09-04 19:18:58.521 [info] [thread_pool.cc:ThreadPool:30] Create a fixed thread pool with size 31
2025-09-04 19:35:25.316 [warning] [openssl_factory.cc:OpensslDrbg:83] Yacl has been configured to use Yacl's entropy source, but unable to find one. Fallback to use openssl's default entropy srouce
2025-09-04 19:35:25.316 [warning] [openssl_factory.cc:OpensslDrbg:83] Yacl has been configured to use Yacl's entropy source, but unable to find one. Fallback to use openssl's default entropy srouce
2025-09-04 19:35:25.316 [warning] [openssl_factory.cc:OpensslDrbg:83] Yacl has been configured to use Yacl's entropy source, but unable to find one. Fallback to use openssl's default entropy srouce
2025-09-04 19:35:25.319 [warning] [openssl_factory.cc:OpensslDrbg:83] Yacl has been configured to use Yacl's entropy source, but unable to find one. Fallback to use openssl's default entropy srouce
2025-09-04 19:35:25.320 [warning] [openssl_factory.cc:OpensslDrbg:83] Yacl has been configured to use Yacl's entropy source, but unable to find one. Fallback to use openssl's default entropy srouce
2025-09-04 19:35:25.321 [warning] [openssl_factory.cc:OpensslDrbg:83] Yacl has been configured to use Yacl's entropy source, but unable to find one. Fallback to use openssl's default entropy srouce
2025-09-04 19:36:50.187 [info] [thread_pool.cc:ThreadPool:30] Create a fixed thread pool with size 31
2025-09-04 19:36:50.188 [info] [thread_pool.cc:ThreadPool:30] Create a fixed thread pool with size 31
2025-09-04 19:36:50.189 [info] [thread_pool.cc:ThreadPool:30] Create a fixed thread pool with size 31
2025-09-04 19:40:48.173 [warning] [openssl_factory.cc:OpensslDrbg:83] Yacl has been configured to use Yacl's entropy source, but unable to find one. Fallback to use openssl's default entropy srouce
2025-09-04 19:40:48.174 [warning] [openssl_factory.cc:OpensslDrbg:83] Yacl has been configured to use Yacl's entropy source, but unable to find one. Fallback to use openssl's default entropy srouce
2025-09-04 19:40:48.174 [warning] [openssl_factory.cc:OpensslDrbg:83] Yacl has been configured to use Yacl's entropy source, but unable to find one. Fallback to use openssl's default entropy srouce
2025-09-04 19:40:48.176 [warning] [openssl_factory.cc:OpensslDrbg:83] Yacl has been configured to use Yacl's entropy source, but unable to find one. Fallback to use openssl's default entropy srouce
2025-09-04 19:40:48.177 [warning] [openssl_factory.cc:OpensslDrbg:83] Yacl has been configured to use Yacl's entropy source, but unable to find one. Fallback to use openssl's default entropy srouce
2025-09-04 19:40:48.178 [warning] [openssl_factory.cc:OpensslDrbg:83] Yacl has been configured to use Yacl's entropy source, but unable to find one. Fallback to use openssl's default entropy srouce
2025-09-04 19:42:15.009 [info] [thread_pool.cc:ThreadPool:30] Create a fixed thread pool with size 31
2025-09-04 19:42:15.010 [info] [thread_pool.cc:ThreadPool:30] Create a fixed thread pool with size 31
2025-09-04 19:42:15.011 [info] [thread_pool.cc:ThreadPool:30] Create a fixed thread pool with size 31
2025-09-04 19:45:18.435 [warning] [openssl_factory.cc:OpensslDrbg:83] Yacl has been configured to use Yacl's entropy source, but unable to find one. Fallback to use openssl's default entropy srouce
2025-09-04 19:45:18.435 [warning] [openssl_factory.cc:OpensslDrbg:83] Yacl has been configured to use Yacl's entropy source, but unable to find one. Fallback to use openssl's default entropy srouce
2025-09-04 19:45:18.435 [warning] [openssl_factory.cc:OpensslDrbg:83] Yacl has been configured to use Yacl's entropy source, but unable to find one. Fallback to use openssl's default entropy srouce
2025-09-04 19:45:18.438 [warning] [openssl_factory.cc:OpensslDrbg:83] Yacl has been configured to use Yacl's entropy source, but unable to find one. Fallback to use openssl's default entropy srouce
2025-09-04 19:45:18.438 [warning] [openssl_factory.cc:OpensslDrbg:83] Yacl has been configured to use Yacl's entropy source, but unable to find one. Fallback to use openssl's default entropy srouce
2025-09-04 19:45:18.439 [warning] [openssl_factory.cc:OpensslDrbg:83] Yacl has been configured to use Yacl's entropy source, but unable to find one. Fallback to use openssl's default entropy srouce
2025-09-04 19:46:42.255 [info] [thread_pool.cc:ThreadPool:30] Create a fixed thread pool with size 31
2025-09-04 19:46:42.256 [info] [thread_pool.cc:ThreadPool:30] Create a fixed thread pool with size 31
2025-09-04 19:46:42.256 [info] [thread_pool.cc:ThreadPool:30] Create a fixed thread pool with size 31
2025-09-04 19:47:39.915 [warning] [openssl_factory.cc:OpensslDrbg:83] Yacl has been configured to use Yacl's entropy source, but unable to find one. Fallback to use openssl's default entropy srouce
2025-09-04 19:47:39.916 [warning] [openssl_factory.cc:OpensslDrbg:83] Yacl has been configured to use Yacl's entropy source, but unable to find one. Fallback to use openssl's default entropy srouce
2025-09-04 19:47:39.916 [warning] [openssl_factory.cc:OpensslDrbg:83] Yacl has been configured to use Yacl's entropy source, but unable to find one. Fallback to use openssl's default entropy srouce
2025-09-04 19:47:39.917 [warning] [openssl_factory.cc:OpensslDrbg:83] Yacl has been configured to use Yacl's entropy source, but unable to find one. Fallback to use openssl's default entropy srouce
2025-09-04 19:47:39.919 [warning] [openssl_factory.cc:OpensslDrbg:83] Yacl has been configured to use Yacl's entropy source, but unable to find one. Fallback to use openssl's default entropy srouce
2025-09-04 19:47:39.919 [warning] [openssl_factory.cc:OpensslDrbg:83] Yacl has been configured to use Yacl's entropy source, but unable to find one. Fallback to use openssl's default entropy srouce
2025-09-04 19:49:03.307 [info] [thread_pool.cc:ThreadPool:30] Create a fixed thread pool with size 31
2025-09-04 19:49:03.308 [info] [thread_pool.cc:ThreadPool:30] Create a fixed thread pool with size 31
2025-09-04 19:49:03.309 [info] [thread_pool.cc:ThreadPool:30] Create a fixed thread pool with size 31
2025-09-04 19:54:41.594 [warning] [openssl_factory.cc:OpensslDrbg:83] Yacl has been configured to use Yacl's entropy source, but unable to find one. Fallback to use openssl's default entropy srouce
2025-09-04 19:54:41.594 [warning] [openssl_factory.cc:OpensslDrbg:83] Yacl has been configured to use Yacl's entropy source, but unable to find one. Fallback to use openssl's default entropy srouce
2025-09-04 19:54:41.594 [warning] [openssl_factory.cc:OpensslDrbg:83] Yacl has been configured to use Yacl's entropy source, but unable to find one. Fallback to use openssl's default entropy srouce
2025-09-04 19:54:41.596 [warning] [openssl_factory.cc:OpensslDrbg:83] Yacl has been configured to use Yacl's entropy source, but unable to find one. Fallback to use openssl's default entropy srouce
2025-09-04 19:54:41.597 [warning] [openssl_factory.cc:OpensslDrbg:83] Yacl has been configured to use Yacl's entropy source, but unable to find one. Fallback to use openssl's default entropy srouce
2025-09-04 19:54:41.597 [warning] [openssl_factory.cc:OpensslDrbg:83] Yacl has been configured to use Yacl's entropy source, but unable to find one. Fallback to use openssl's default entropy srouce
2025-09-04 19:56:03.936 [info] [thread_pool.cc:ThreadPool:30] Create a fixed thread pool with size 31
2025-09-04 19:56:03.936 [info] [thread_pool.cc:ThreadPool:30] Create a fixed thread pool with size 31
2025-09-04 19:56:03.938 [info] [thread_pool.cc:ThreadPool:30] Create a fixed thread pool with size 31
2025-09-04 19:58:04.617 [warning] [openssl_factory.cc:OpensslDrbg:83] Yacl has been configured to use Yacl's entropy source, but unable to find one. Fallback to use openssl's default entropy srouce
2025-09-04 19:58:04.617 [warning] [openssl_factory.cc:OpensslDrbg:83] Yacl has been configured to use Yacl's entropy source, but unable to find one. Fallback to use openssl's default entropy srouce
2025-09-04 19:58:04.617 [warning] [openssl_factory.cc:OpensslDrbg:83] Yacl has been configured to use Yacl's entropy source, but unable to find one. Fallback to use openssl's default entropy srouce
2025-09-04 19:58:04.620 [warning] [openssl_factory.cc:OpensslDrbg:83] Yacl has been configured to use Yacl's entropy source, but unable to find one. Fallback to use openssl's default entropy srouce
2025-09-04 19:58:04.620 [warning] [openssl_factory.cc:OpensslDrbg:83] Yacl has been configured to use Yacl's entropy source, but unable to find one. Fallback to use openssl's default entropy srouce
2025-09-04 19:58:04.625 [warning] [openssl_factory.cc:OpensslDrbg:83] Yacl has been configured to use Yacl's entropy source, but unable to find one. Fallback to use openssl's default entropy srouce
2025-09-04 19:59:28.061 [info] [thread_pool.cc:ThreadPool:30] Create a fixed thread pool with size 31
2025-09-04 19:59:28.062 [info] [thread_pool.cc:ThreadPool:30] Create a fixed thread pool with size 31
2025-09-04 19:59:28.062 [info] [thread_pool.cc:ThreadPool:30] Create a fixed thread pool with size 31
2025-09-04 20:02:06.053 [warning] [openssl_factory.cc:OpensslDrbg:83] Yacl has been configured to use Yacl's entropy source, but unable to find one. Fallback to use openssl's default entropy srouce
2025-09-04 20:02:06.053 [warning] [openssl_factory.cc:OpensslDrbg:83] Yacl has been configured to use Yacl's entropy source, but unable to find one. Fallback to use openssl's default entropy srouce
2025-09-04 20:02:06.053 [warning] [openssl_factory.cc:OpensslDrbg:83] Yacl has been configured to use Yacl's entropy source, but unable to find one. Fallback to use openssl's default entropy srouce
2025-09-04 20:02:06.055 [warning] [openssl_factory.cc:OpensslDrbg:83] Yacl has been configured to use Yacl's entropy source, but unable to find one. Fallback to use openssl's default entropy srouce
2025-09-04 20:02:06.056 [warning] [openssl_factory.cc:OpensslDrbg:83] Yacl has been configured to use Yacl's entropy source, but unable to find one. Fallback to use openssl's default entropy srouce
2025-09-04 20:02:06.060 [warning] [openssl_factory.cc:OpensslDrbg:83] Yacl has been configured to use Yacl's entropy source, but unable to find one. Fallback to use openssl's default entropy srouce
2025-09-04 20:03:32.495 [info] [thread_pool.cc:ThreadPool:30] Create a fixed thread pool with size 31
2025-09-04 20:03:32.496 [info] [thread_pool.cc:ThreadPool:30] Create a fixed thread pool with size 31
2025-09-04 20:03:32.497 [info] [thread_pool.cc:ThreadPool:30] Create a fixed thread pool with size 31
2025-09-04 20:08:47.845 [warning] [openssl_factory.cc:OpensslDrbg:83] Yacl has been configured to use Yacl's entropy source, but unable to find one. Fallback to use openssl's default entropy srouce
2025-09-04 20:08:47.845 [warning] [openssl_factory.cc:OpensslDrbg:83] Yacl has been configured to use Yacl's entropy source, but unable to find one. Fallback to use openssl's default entropy srouce
2025-09-04 20:08:47.845 [warning] [openssl_factory.cc:OpensslDrbg:83] Yacl has been configured to use Yacl's entropy source, but unable to find one. Fallback to use openssl's default entropy srouce
2025-09-04 20:08:47.848 [warning] [openssl_factory.cc:OpensslDrbg:83] Yacl has been configured to use Yacl's entropy source, but unable to find one. Fallback to use openssl's default entropy srouce
2025-09-04 20:08:47.848 [warning] [openssl_factory.cc:OpensslDrbg:83] Yacl has been configured to use Yacl's entropy source, but unable to find one. Fallback to use openssl's default entropy srouce
2025-09-04 20:08:47.849 [warning] [openssl_factory.cc:OpensslDrbg:83] Yacl has been configured to use Yacl's entropy source, but unable to find one. Fallback to use openssl's default entropy srouce
2025-09-04 20:10:14.321 [info] [thread_pool.cc:ThreadPool:30] Create a fixed thread pool with size 31
2025-09-04 20:10:14.321 [info] [thread_pool.cc:ThreadPool:30] Create a fixed thread pool with size 31
2025-09-04 20:10:14.323 [info] [thread_pool.cc:ThreadPool:30] Create a fixed thread pool with size 31
2025-09-04 20:14:52.563 [warning] [openssl_factory.cc:OpensslDrbg:83] Yacl has been configured to use Yacl's entropy source, but unable to find one. Fallback to use openssl's default entropy srouce
2025-09-04 20:14:52.563 [warning] [openssl_factory.cc:OpensslDrbg:83] Yacl has been configured to use Yacl's entropy source, but unable to find one. Fallback to use openssl's default entropy srouce
2025-09-04 20:14:52.563 [warning] [openssl_factory.cc:OpensslDrbg:83] Yacl has been configured to use Yacl's entropy source, but unable to find one. Fallback to use openssl's default entropy srouce
2025-09-04 20:14:52.566 [warning] [openssl_factory.cc:OpensslDrbg:83] Yacl has been configured to use Yacl's entropy source, but unable to find one. Fallback to use openssl's default entropy srouce
2025-09-04 20:14:52.566 [warning] [openssl_factory.cc:OpensslDrbg:83] Yacl has been configured to use Yacl's entropy source, but unable to find one. Fallback to use openssl's default entropy srouce
2025-09-04 20:14:52.566 [warning] [openssl_factory.cc:OpensslDrbg:83] Yacl has been configured to use Yacl's entropy source, but unable to find one. Fallback to use openssl's default entropy srouce
2025-09-04 20:16:17.814 [info] [thread_pool.cc:ThreadPool:30] Create a fixed thread pool with size 31
2025-09-04 20:16:17.814 [info] [thread_pool.cc:ThreadPool:30] Create a fixed thread pool with size 31
2025-09-04 20:16:17.815 [info] [thread_pool.cc:ThreadPool:30] Create a fixed thread pool with size 31
2025-09-04 20:28:25.297 [warning] [openssl_factory.cc:OpensslDrbg:83] Yacl has been configured to use Yacl's entropy source, but unable to find one. Fallback to use openssl's default entropy srouce
2025-09-04 20:28:25.297 [warning] [openssl_factory.cc:OpensslDrbg:83] Yacl has been configured to use Yacl's entropy source, but unable to find one. Fallback to use openssl's default entropy srouce
2025-09-04 20:28:25.297 [warning] [openssl_factory.cc:OpensslDrbg:83] Yacl has been configured to use Yacl's entropy source, but unable to find one. Fallback to use openssl's default entropy srouce
2025-09-04 20:28:25.299 [warning] [openssl_factory.cc:OpensslDrbg:83] Yacl has been configured to use Yacl's entropy source, but unable to find one. Fallback to use openssl's default entropy srouce
2025-09-04 20:28:25.299 [warning] [openssl_factory.cc:OpensslDrbg:83] Yacl has been configured to use Yacl's entropy source, but unable to find one. Fallback to use openssl's default entropy srouce
2025-09-04 20:28:25.301 [warning] [openssl_factory.cc:OpensslDrbg:83] Yacl has been configured to use Yacl's entropy source, but unable to find one. Fallback to use openssl's default entropy srouce
2025-09-04 20:29:51.754 [info] [thread_pool.cc:ThreadPool:30] Create a fixed thread pool with size 31
2025-09-04 20:29:51.755 [info] [thread_pool.cc:ThreadPool:30] Create a fixed thread pool with size 31
2025-09-04 20:29:51.755 [info] [thread_pool.cc:ThreadPool:30] Create a fixed thread pool with size 31
2025-09-04 20:31:28.412 [warning] [openssl_factory.cc:OpensslDrbg:83] Yacl has been configured to use Yacl's entropy source, but unable to find one. Fallback to use openssl's default entropy srouce
2025-09-04 20:31:28.412 [warning] [openssl_factory.cc:OpensslDrbg:83] Yacl has been configured to use Yacl's entropy source, but unable to find one. Fallback to use openssl's default entropy srouce
2025-09-04 20:31:28.412 [warning] [openssl_factory.cc:OpensslDrbg:83] Yacl has been configured to use Yacl's entropy source, but unable to find one. Fallback to use openssl's default entropy srouce
2025-09-04 20:31:28.414 [warning] [openssl_factory.cc:OpensslDrbg:83] Yacl has been configured to use Yacl's entropy source, but unable to find one. Fallback to use openssl's default entropy srouce
2025-09-04 20:31:28.415 [warning] [openssl_factory.cc:OpensslDrbg:83] Yacl has been configured to use Yacl's entropy source, but unable to find one. Fallback to use openssl's default entropy srouce
2025-09-04 20:31:28.416 [warning] [openssl_factory.cc:OpensslDrbg:83] Yacl has been configured to use Yacl's entropy source, but unable to find one. Fallback to use openssl's default entropy srouce
2025-09-04 20:32:53.325 [info] [thread_pool.cc:ThreadPool:30] Create a fixed thread pool with size 31
2025-09-04 20:32:53.327 [info] [thread_pool.cc:ThreadPool:30] Create a fixed thread pool with size 31
2025-09-04 20:32:53.328 [info] [thread_pool.cc:ThreadPool:30] Create a fixed thread pool with size 31
2025-09-04 20:39:18.443 [warning] [openssl_factory.cc:OpensslDrbg:83] Yacl has been configured to use Yacl's entropy source, but unable to find one. Fallback to use openssl's default entropy srouce
2025-09-04 20:39:18.443 [warning] [openssl_factory.cc:OpensslDrbg:83] Yacl has been configured to use Yacl's entropy source, but unable to find one. Fallback to use openssl's default entropy srouce
2025-09-04 20:39:18.443 [warning] [openssl_factory.cc:OpensslDrbg:83] Yacl has been configured to use Yacl's entropy source, but unable to find one. Fallback to use openssl's default entropy srouce
2025-09-04 20:39:18.446 [warning] [openssl_factory.cc:OpensslDrbg:83] Yacl has been configured to use Yacl's entropy source, but unable to find one. Fallback to use openssl's default entropy srouce
2025-09-04 20:39:18.446 [warning] [openssl_factory.cc:OpensslDrbg:83] Yacl has been configured to use Yacl's entropy source, but unable to find one. Fallback to use openssl's default entropy srouce
2025-09-04 20:39:18.448 [warning] [openssl_factory.cc:OpensslDrbg:83] Yacl has been configured to use Yacl's entropy source, but unable to find one. Fallback to use openssl's default entropy srouce
2025-09-04 20:40:47.920 [info] [thread_pool.cc:ThreadPool:30] Create a fixed thread pool with size 31
2025-09-04 20:40:47.920 [info] [thread_pool.cc:ThreadPool:30] Create a fixed thread pool with size 31
2025-09-04 20:40:47.921 [info] [thread_pool.cc:ThreadPool:30] Create a fixed thread pool with size 31
2025-09-04 20:42:50.549 [warning] [openssl_factory.cc:OpensslDrbg:83] Yacl has been configured to use Yacl's entropy source, but unable to find one. Fallback to use openssl's default entropy srouce
2025-09-04 20:42:50.550 [warning] [openssl_factory.cc:OpensslDrbg:83] Yacl has been configured to use Yacl's entropy source, but unable to find one. Fallback to use openssl's default entropy srouce
2025-09-04 20:42:50.550 [warning] [openssl_factory.cc:OpensslDrbg:83] Yacl has been configured to use Yacl's entropy source, but unable to find one. Fallback to use openssl's default entropy srouce
2025-09-04 20:42:50.551 [warning] [openssl_factory.cc:OpensslDrbg:83] Yacl has been configured to use Yacl's entropy source, but unable to find one. Fallback to use openssl's default entropy srouce
2025-09-04 20:42:50.553 [warning] [openssl_factory.cc:OpensslDrbg:83] Yacl has been configured to use Yacl's entropy source, but unable to find one. Fallback to use openssl's default entropy srouce
2025-09-04 20:42:50.553 [warning] [openssl_factory.cc:OpensslDrbg:83] Yacl has been configured to use Yacl's entropy source, but unable to find one. Fallback to use openssl's default entropy srouce
2025-09-04 20:44:17.305 [info] [thread_pool.cc:ThreadPool:30] Create a fixed thread pool with size 31
2025-09-04 20:44:17.305 [info] [thread_pool.cc:ThreadPool:30] Create a fixed thread pool with size 31
2025-09-04 20:44:17.307 [info] [thread_pool.cc:ThreadPool:30] Create a fixed thread pool with size 31
2025-09-04 20:45:36.473 [warning] [openssl_factory.cc:OpensslDrbg:83] Yacl has been configured to use Yacl's entropy source, but unable to find one. Fallback to use openssl's default entropy srouce
2025-09-04 20:45:36.474 [warning] [openssl_factory.cc:OpensslDrbg:83] Yacl has been configured to use Yacl's entropy source, but unable to find one. Fallback to use openssl's default entropy srouce
2025-09-04 20:45:36.474 [warning] [openssl_factory.cc:OpensslDrbg:83] Yacl has been configured to use Yacl's entropy source, but unable to find one. Fallback to use openssl's default entropy srouce
2025-09-04 20:45:36.477 [warning] [openssl_factory.cc:OpensslDrbg:83] Yacl has been configured to use Yacl's entropy source, but unable to find one. Fallback to use openssl's default entropy srouce
2025-09-04 20:45:36.477 [warning] [openssl_factory.cc:OpensslDrbg:83] Yacl has been configured to use Yacl's entropy source, but unable to find one. Fallback to use openssl's default entropy srouce
2025-09-04 20:45:36.478 [warning] [openssl_factory.cc:OpensslDrbg:83] Yacl has been configured to use Yacl's entropy source, but unable to find one. Fallback to use openssl's default entropy srouce
2025-09-04 20:47:01.935 [info] [thread_pool.cc:ThreadPool:30] Create a fixed thread pool with size 31
2025-09-04 20:47:01.935 [info] [thread_pool.cc:ThreadPool:30] Create a fixed thread pool with size 31
2025-09-04 20:47:01.936 [info] [thread_pool.cc:ThreadPool:30] Create a fixed thread pool with size 31
2025-09-04 20:56:17.547 [warning] [openssl_factory.cc:OpensslDrbg:83] Yacl has been configured to use Yacl's entropy source, but unable to find one. Fallback to use openssl's default entropy srouce
2025-09-04 20:56:17.547 [warning] [openssl_factory.cc:OpensslDrbg:83] Yacl has been configured to use Yacl's entropy source, but unable to find one. Fallback to use openssl's default entropy srouce
2025-09-04 20:56:17.547 [warning] [openssl_factory.cc:OpensslDrbg:83] Yacl has been configured to use Yacl's entropy source, but unable to find one. Fallback to use openssl's default entropy srouce
2025-09-04 20:56:17.549 [warning] [openssl_factory.cc:OpensslDrbg:83] Yacl has been configured to use Yacl's entropy source, but unable to find one. Fallback to use openssl's default entropy srouce
2025-09-04 20:56:17.550 [warning] [openssl_factory.cc:OpensslDrbg:83] Yacl has been configured to use Yacl's entropy source, but unable to find one. Fallback to use openssl's default entropy srouce
2025-09-04 20:56:17.551 [warning] [openssl_factory.cc:OpensslDrbg:83] Yacl has been configured to use Yacl's entropy source, but unable to find one. Fallback to use openssl's default entropy srouce
2025-09-04 20:57:41.596 [info] [thread_pool.cc:ThreadPool:30] Create a fixed thread pool with size 31
2025-09-04 20:57:41.597 [info] [thread_pool.cc:ThreadPool:30] Create a fixed thread pool with size 31
2025-09-04 20:57:41.597 [info] [thread_pool.cc:ThreadPool:30] Create a fixed thread pool with size 31
2025-09-04 20:58:42.413 [warning] [openssl_factory.cc:OpensslDrbg:83] Yacl has been configured to use Yacl's entropy source, but unable to find one. Fallback to use openssl's default entropy srouce
2025-09-04 20:58:42.413 [warning] [openssl_factory.cc:OpensslDrbg:83] Yacl has been configured to use Yacl's entropy source, but unable to find one. Fallback to use openssl's default entropy srouce
2025-09-04 20:58:42.414 [warning] [openssl_factory.cc:OpensslDrbg:83] Yacl has been configured to use Yacl's entropy source, but unable to find one. Fallback to use openssl's default entropy srouce
2025-09-04 20:58:42.416 [warning] [openssl_factory.cc:OpensslDrbg:83] Yacl has been configured to use Yacl's entropy source, but unable to find one. Fallback to use openssl's default entropy srouce
2025-09-04 20:58:42.417 [warning] [openssl_factory.cc:OpensslDrbg:83] Yacl has been configured to use Yacl's entropy source, but unable to find one. Fallback to use openssl's default entropy srouce
2025-09-04 20:58:42.417 [warning] [openssl_factory.cc:OpensslDrbg:83] Yacl has been configured to use Yacl's entropy source, but unable to find one. Fallback to use openssl's default entropy srouce
2025-09-04 21:00:06.432 [info] [thread_pool.cc:ThreadPool:30] Create a fixed thread pool with size 31
2025-09-04 21:00:06.437 [info] [thread_pool.cc:ThreadPool:30] Create a fixed thread pool with size 31
2025-09-04 21:00:06.439 [info] [thread_pool.cc:ThreadPool:30] Create a fixed thread pool with size 31
2025-09-04 21:01:19.324 [warning] [openssl_factory.cc:OpensslDrbg:83] Yacl has been configured to use Yacl's entropy source, but unable to find one. Fallback to use openssl's default entropy srouce
2025-09-04 21:01:19.324 [warning] [openssl_factory.cc:OpensslDrbg:83] Yacl has been configured to use Yacl's entropy source, but unable to find one. Fallback to use openssl's default entropy srouce
2025-09-04 21:01:19.324 [warning] [openssl_factory.cc:OpensslDrbg:83] Yacl has been configured to use Yacl's entropy source, but unable to find one. Fallback to use openssl's default entropy srouce
2025-09-04 21:01:19.325 [warning] [openssl_factory.cc:OpensslDrbg:83] Yacl has been configured to use Yacl's entropy source, but unable to find one. Fallback to use openssl's default entropy srouce
2025-09-04 21:01:19.327 [warning] [openssl_factory.cc:OpensslDrbg:83] Yacl has been configured to use Yacl's entropy source, but unable to find one. Fallback to use openssl's default entropy srouce
2025-09-04 21:01:19.328 [warning] [openssl_factory.cc:OpensslDrbg:83] Yacl has been configured to use Yacl's entropy source, but unable to find one. Fallback to use openssl's default entropy srouce
2025-09-04 21:02:41.038 [info] [thread_pool.cc:ThreadPool:30] Create a fixed thread pool with size 31
2025-09-04 21:02:41.038 [info] [thread_pool.cc:ThreadPool:30] Create a fixed thread pool with size 31
2025-09-04 21:02:41.040 [info] [thread_pool.cc:ThreadPool:30] Create a fixed thread pool with size 31
2025-09-04 21:03:42.253 [warning] [openssl_factory.cc:OpensslDrbg:83] Yacl has been configured to use Yacl's entropy source, but unable to find one. Fallback to use openssl's default entropy srouce
2025-09-04 21:03:42.253 [warning] [openssl_factory.cc:OpensslDrbg:83] Yacl has been configured to use Yacl's entropy source, but unable to find one. Fallback to use openssl's default entropy srouce
2025-09-04 21:03:42.253 [warning] [openssl_factory.cc:OpensslDrbg:83] Yacl has been configured to use Yacl's entropy source, but unable to find one. Fallback to use openssl's default entropy srouce
2025-09-04 21:03:42.257 [warning] [openssl_factory.cc:OpensslDrbg:83] Yacl has been configured to use Yacl's entropy source, but unable to find one. Fallback to use openssl's default entropy srouce
2025-09-04 21:03:42.257 [warning] [openssl_factory.cc:OpensslDrbg:83] Yacl has been configured to use Yacl's entropy source, but unable to find one. Fallback to use openssl's default entropy srouce
2025-09-04 21:03:42.257 [warning] [openssl_factory.cc:OpensslDrbg:83] Yacl has been configured to use Yacl's entropy source, but unable to find one. Fallback to use openssl's default entropy srouce
2025-09-04 21:05:08.137 [info] [thread_pool.cc:ThreadPool:30] Create a fixed thread pool with size 31
2025-09-04 21:05:08.138 [info] [thread_pool.cc:ThreadPool:30] Create a fixed thread pool with size 31
2025-09-04 21:05:08.139 [info] [thread_pool.cc:ThreadPool:30] Create a fixed thread pool with size 31
2025-09-04 21:07:12.993 [warning] [openssl_factory.cc:OpensslDrbg:83] Yacl has been configured to use Yacl's entropy source, but unable to find one. Fallback to use openssl's default entropy srouce
2025-09-04 21:07:12.993 [warning] [openssl_factory.cc:OpensslDrbg:83] Yacl has been configured to use Yacl's entropy source, but unable to find one. Fallback to use openssl's default entropy srouce
2025-09-04 21:07:12.993 [warning] [openssl_factory.cc:OpensslDrbg:83] Yacl has been configured to use Yacl's entropy source, but unable to find one. Fallback to use openssl's default entropy srouce
2025-09-04 21:07:12.996 [warning] [openssl_factory.cc:OpensslDrbg:83] Yacl has been configured to use Yacl's entropy source, but unable to find one. Fallback to use openssl's default entropy srouce
2025-09-04 21:07:12.996 [warning] [openssl_factory.cc:OpensslDrbg:83] Yacl has been configured to use Yacl's entropy source, but unable to find one. Fallback to use openssl's default entropy srouce
2025-09-04 21:07:12.996 [warning] [openssl_factory.cc:OpensslDrbg:83] Yacl has been configured to use Yacl's entropy source, but unable to find one. Fallback to use openssl's default entropy srouce
2025-09-04 21:08:37.971 [info] [thread_pool.cc:ThreadPool:30] Create a fixed thread pool with size 31
2025-09-04 21:08:37.971 [info] [thread_pool.cc:ThreadPool:30] Create a fixed thread pool with size 31
2025-09-04 21:08:37.972 [info] [thread_pool.cc:ThreadPool:30] Create a fixed thread pool with size 31
2025-09-04 21:09:57.662 [warning] [openssl_factory.cc:OpensslDrbg:83] Yacl has been configured to use Yacl's entropy source, but unable to find one. Fallback to use openssl's default entropy srouce
2025-09-04 21:09:57.662 [warning] [openssl_factory.cc:OpensslDrbg:83] Yacl has been configured to use Yacl's entropy source, but unable to find one. Fallback to use openssl's default entropy srouce
2025-09-04 21:09:57.662 [warning] [openssl_factory.cc:OpensslDrbg:83] Yacl has been configured to use Yacl's entropy source, but unable to find one. Fallback to use openssl's default entropy srouce
2025-09-04 21:09:57.666 [warning] [openssl_factory.cc:OpensslDrbg:83] Yacl has been configured to use Yacl's entropy source, but unable to find one. Fallback to use openssl's default entropy srouce
2025-09-04 21:09:57.668 [warning] [openssl_factory.cc:OpensslDrbg:83] Yacl has been configured to use Yacl's entropy source, but unable to find one. Fallback to use openssl's default entropy srouce
2025-09-04 21:09:57.668 [warning] [openssl_factory.cc:OpensslDrbg:83] Yacl has been configured to use Yacl's entropy source, but unable to find one. Fallback to use openssl's default entropy srouce
2025-09-04 21:11:21.375 [info] [thread_pool.cc:ThreadPool:30] Create a fixed thread pool with size 31
2025-09-04 21:11:21.376 [info] [thread_pool.cc:ThreadPool:30] Create a fixed thread pool with size 31
2025-09-04 21:11:21.376 [info] [thread_pool.cc:ThreadPool:30] Create a fixed thread pool with size 31
2025-09-04 21:12:08.685 [warning] [openssl_factory.cc:OpensslDrbg:83] Yacl has been configured to use Yacl's entropy source, but unable to find one. Fallback to use openssl's default entropy srouce
2025-09-04 21:12:08.686 [warning] [openssl_factory.cc:OpensslDrbg:83] Yacl has been configured to use Yacl's entropy source, but unable to find one. Fallback to use openssl's default entropy srouce
2025-09-04 21:12:08.686 [warning] [openssl_factory.cc:OpensslDrbg:83] Yacl has been configured to use Yacl's entropy source, but unable to find one. Fallback to use openssl's default entropy srouce
2025-09-04 21:12:08.687 [warning] [openssl_factory.cc:OpensslDrbg:83] Yacl has been configured to use Yacl's entropy source, but unable to find one. Fallback to use openssl's default entropy srouce
2025-09-04 21:12:08.692 [warning] [openssl_factory.cc:OpensslDrbg:83] Yacl has been configured to use Yacl's entropy source, but unable to find one. Fallback to use openssl's default entropy srouce
2025-09-04 21:12:08.692 [warning] [openssl_factory.cc:OpensslDrbg:83] Yacl has been configured to use Yacl's entropy source, but unable to find one. Fallback to use openssl's default entropy srouce
2025-09-04 21:13:32.839 [info] [thread_pool.cc:ThreadPool:30] Create a fixed thread pool with size 31
2025-09-04 21:13:32.839 [info] [thread_pool.cc:ThreadPool:30] Create a fixed thread pool with size 31
2025-09-04 21:13:32.840 [info] [thread_pool.cc:ThreadPool:30] Create a fixed thread pool with size 31
2025-09-04 21:15:20.457 [warning] [openssl_factory.cc:OpensslDrbg:83] Yacl has been configured to use Yacl's entropy source, but unable to find one. Fallback to use openssl's default entropy srouce
2025-09-04 21:15:20.457 [warning] [openssl_factory.cc:OpensslDrbg:83] Yacl has been configured to use Yacl's entropy source, but unable to find one. Fallback to use openssl's default entropy srouce
2025-09-04 21:15:20.457 [warning] [openssl_factory.cc:OpensslDrbg:83] Yacl has been configured to use Yacl's entropy source, but unable to find one. Fallback to use openssl's default entropy srouce
2025-09-04 21:15:20.460 [warning] [openssl_factory.cc:OpensslDrbg:83] Yacl has been configured to use Yacl's entropy source, but unable to find one. Fallback to use openssl's default entropy srouce
2025-09-04 21:15:20.460 [warning] [openssl_factory.cc:OpensslDrbg:83] Yacl has been configured to use Yacl's entropy source, but unable to find one. Fallback to use openssl's default entropy srouce
2025-09-04 21:15:20.461 [warning] [openssl_factory.cc:OpensslDrbg:83] Yacl has been configured to use Yacl's entropy source, but unable to find one. Fallback to use openssl's default entropy srouce
2025-09-04 21:16:53.841 [info] [thread_pool.cc:ThreadPool:30] Create a fixed thread pool with size 31
2025-09-04 21:16:53.842 [info] [thread_pool.cc:ThreadPool:30] Create a fixed thread pool with size 31
2025-09-04 21:16:53.842 [info] [thread_pool.cc:ThreadPool:30] Create a fixed thread pool with size 31
2025-09-04 21:21:41.928 [warning] [openssl_factory.cc:OpensslDrbg:83] Yacl has been configured to use Yacl's entropy source, but unable to find one. Fallback to use openssl's default entropy srouce
2025-09-04 21:21:41.928 [warning] [openssl_factory.cc:OpensslDrbg:83] Yacl has been configured to use Yacl's entropy source, but unable to find one. Fallback to use openssl's default entropy srouce
2025-09-04 21:21:41.928 [warning] [openssl_factory.cc:OpensslDrbg:83] Yacl has been configured to use Yacl's entropy source, but unable to find one. Fallback to use openssl's default entropy srouce
2025-09-04 21:21:41.930 [warning] [openssl_factory.cc:OpensslDrbg:83] Yacl has been configured to use Yacl's entropy source, but unable to find one. Fallback to use openssl's default entropy srouce
2025-09-04 21:21:41.931 [warning] [openssl_factory.cc:OpensslDrbg:83] Yacl has been configured to use Yacl's entropy source, but unable to find one. Fallback to use openssl's default entropy srouce
2025-09-04 21:21:41.932 [warning] [openssl_factory.cc:OpensslDrbg:83] Yacl has been configured to use Yacl's entropy source, but unable to find one. Fallback to use openssl's default entropy srouce
2025-09-04 21:34:23.032 [warning] [openssl_factory.cc:OpensslDrbg:83] Yacl has been configured to use Yacl's entropy source, but unable to find one. Fallback to use openssl's default entropy srouce
2025-09-04 21:34:23.032 [warning] [openssl_factory.cc:OpensslDrbg:83] Yacl has been configured to use Yacl's entropy source, but unable to find one. Fallback to use openssl's default entropy srouce
2025-09-04 21:34:23.032 [warning] [openssl_factory.cc:OpensslDrbg:83] Yacl has been configured to use Yacl's entropy source, but unable to find one. Fallback to use openssl's default entropy srouce
2025-09-04 21:34:23.034 [warning] [openssl_factory.cc:OpensslDrbg:83] Yacl has been configured to use Yacl's entropy source, but unable to find one. Fallback to use openssl's default entropy srouce
2025-09-04 21:34:23.034 [warning] [openssl_factory.cc:OpensslDrbg:83] Yacl has been configured to use Yacl's entropy source, but unable to find one. Fallback to use openssl's default entropy srouce
2025-09-04 21:34:23.035 [warning] [openssl_factory.cc:OpensslDrbg:83] Yacl has been configured to use Yacl's entropy source, but unable to find one. Fallback to use openssl's default entropy srouce
2025-09-04 21:35:26.656 [warning] [openssl_factory.cc:OpensslDrbg:83] Yacl has been configured to use Yacl's entropy source, but unable to find one. Fallback to use openssl's default entropy srouce
2025-09-04 21:35:26.656 [warning] [openssl_factory.cc:OpensslDrbg:83] Yacl has been configured to use Yacl's entropy source, but unable to find one. Fallback to use openssl's default entropy srouce
2025-09-04 21:35:26.656 [warning] [openssl_factory.cc:OpensslDrbg:83] Yacl has been configured to use Yacl's entropy source, but unable to find one. Fallback to use openssl's default entropy srouce
2025-09-04 21:35:26.658 [warning] [openssl_factory.cc:OpensslDrbg:83] Yacl has been configured to use Yacl's entropy source, but unable to find one. Fallback to use openssl's default entropy srouce
2025-09-04 21:35:26.660 [warning] [openssl_factory.cc:OpensslDrbg:83] Yacl has been configured to use Yacl's entropy source, but unable to find one. Fallback to use openssl's default entropy srouce
2025-09-04 21:35:26.660 [warning] [openssl_factory.cc:OpensslDrbg:83] Yacl has been configured to use Yacl's entropy source, but unable to find one. Fallback to use openssl's default entropy srouce
2025-09-04 21:35:50.324 [warning] [openssl_factory.cc:OpensslDrbg:83] Yacl has been configured to use Yacl's entropy source, but unable to find one. Fallback to use openssl's default entropy srouce
2025-09-04 21:35:50.324 [warning] [openssl_factory.cc:OpensslDrbg:83] Yacl has been configured to use Yacl's entropy source, but unable to find one. Fallback to use openssl's default entropy srouce
2025-09-04 21:35:50.324 [warning] [openssl_factory.cc:OpensslDrbg:83] Yacl has been configured to use Yacl's entropy source, but unable to find one. Fallback to use openssl's default entropy srouce
2025-09-04 21:35:50.327 [warning] [openssl_factory.cc:OpensslDrbg:83] Yacl has been configured to use Yacl's entropy source, but unable to find one. Fallback to use openssl's default entropy srouce
2025-09-04 21:35:50.327 [warning] [openssl_factory.cc:OpensslDrbg:83] Yacl has been configured to use Yacl's entropy source, but unable to find one. Fallback to use openssl's default entropy srouce
2025-09-04 21:35:50.327 [warning] [openssl_factory.cc:OpensslDrbg:83] Yacl has been configured to use Yacl's entropy source, but unable to find one. Fallback to use openssl's default entropy srouce
2025-09-04 22:00:48.718 [warning] [openssl_factory.cc:OpensslDrbg:83] Yacl has been configured to use Yacl's entropy source, but unable to find one. Fallback to use openssl's default entropy srouce
2025-09-04 22:00:48.718 [warning] [openssl_factory.cc:OpensslDrbg:83] Yacl has been configured to use Yacl's entropy source, but unable to find one. Fallback to use openssl's default entropy srouce
2025-09-04 22:00:48.718 [warning] [openssl_factory.cc:OpensslDrbg:83] Yacl has been configured to use Yacl's entropy source, but unable to find one. Fallback to use openssl's default entropy srouce
2025-09-04 22:00:48.721 [warning] [openssl_factory.cc:OpensslDrbg:83] Yacl has been configured to use Yacl's entropy source, but unable to find one. Fallback to use openssl's default entropy srouce
2025-09-04 22:00:48.721 [warning] [openssl_factory.cc:OpensslDrbg:83] Yacl has been configured to use Yacl's entropy source, but unable to find one. Fallback to use openssl's default entropy srouce
2025-09-04 22:00:48.721 [warning] [openssl_factory.cc:OpensslDrbg:83] Yacl has been configured to use Yacl's entropy source, but unable to find one. Fallback to use openssl's default entropy srouce
2025-09-04 22:02:11.331 [warning] [openssl_factory.cc:OpensslDrbg:83] Yacl has been configured to use Yacl's entropy source, but unable to find one. Fallback to use openssl's default entropy srouce
2025-09-04 22:02:11.331 [warning] [openssl_factory.cc:OpensslDrbg:83] Yacl has been configured to use Yacl's entropy source, but unable to find one. Fallback to use openssl's default entropy srouce
2025-09-04 22:02:11.332 [warning] [openssl_factory.cc:OpensslDrbg:83] Yacl has been configured to use Yacl's entropy source, but unable to find one. Fallback to use openssl's default entropy srouce
2025-09-04 22:02:11.334 [warning] [openssl_factory.cc:OpensslDrbg:83] Yacl has been configured to use Yacl's entropy source, but unable to find one. Fallback to use openssl's default entropy srouce
2025-09-04 22:02:11.334 [warning] [openssl_factory.cc:OpensslDrbg:83] Yacl has been configured to use Yacl's entropy source, but unable to find one. Fallback to use openssl's default entropy srouce
2025-09-04 22:02:11.336 [warning] [openssl_factory.cc:OpensslDrbg:83] Yacl has been configured to use Yacl's entropy source, but unable to find one. Fallback to use openssl's default entropy srouce
2025-09-04 22:03:34.800 [info] [thread_pool.cc:ThreadPool:30] Create a fixed thread pool with size 31
2025-09-04 22:03:34.802 [info] [thread_pool.cc:ThreadPool:30] Create a fixed thread pool with size 31
2025-09-04 22:03:34.802 [info] [thread_pool.cc:ThreadPool:30] Create a fixed thread pool with size 31
2025-09-04 22:21:17.309 [warning] [openssl_factory.cc:OpensslDrbg:83] Yacl has been configured to use Yacl's entropy source, but unable to find one. Fallback to use openssl's default entropy srouce
2025-09-04 22:21:17.309 [warning] [openssl_factory.cc:OpensslDrbg:83] Yacl has been configured to use Yacl's entropy source, but unable to find one. Fallback to use openssl's default entropy srouce
2025-09-04 22:21:17.310 [warning] [openssl_factory.cc:OpensslDrbg:83] Yacl has been configured to use Yacl's entropy source, but unable to find one. Fallback to use openssl's default entropy srouce
2025-09-04 22:21:17.312 [warning] [openssl_factory.cc:OpensslDrbg:83] Yacl has been configured to use Yacl's entropy source, but unable to find one. Fallback to use openssl's default entropy srouce
2025-09-04 22:21:17.312 [warning] [openssl_factory.cc:OpensslDrbg:83] Yacl has been configured to use Yacl's entropy source, but unable to find one. Fallback to use openssl's default entropy srouce
2025-09-04 22:21:17.314 [warning] [openssl_factory.cc:OpensslDrbg:83] Yacl has been configured to use Yacl's entropy source, but unable to find one. Fallback to use openssl's default entropy srouce
2025-09-04 22:22:42.163 [info] [thread_pool.cc:ThreadPool:30] Create a fixed thread pool with size 31
2025-09-04 22:22:42.164 [info] [thread_pool.cc:ThreadPool:30] Create a fixed thread pool with size 31
2025-09-04 22:22:42.164 [info] [thread_pool.cc:ThreadPool:30] Create a fixed thread pool with size 31
2025-09-04 22:26:06.789 [warning] [openssl_factory.cc:OpensslDrbg:83] Yacl has been configured to use Yacl's entropy source, but unable to find one. Fallback to use openssl's default entropy srouce
2025-09-04 22:26:06.789 [warning] [openssl_factory.cc:OpensslDrbg:83] Yacl has been configured to use Yacl's entropy source, but unable to find one. Fallback to use openssl's default entropy srouce
2025-09-04 22:26:06.789 [warning] [openssl_factory.cc:OpensslDrbg:83] Yacl has been configured to use Yacl's entropy source, but unable to find one. Fallback to use openssl's default entropy srouce
2025-09-04 22:26:06.792 [warning] [openssl_factory.cc:OpensslDrbg:83] Yacl has been configured to use Yacl's entropy source, but unable to find one. Fallback to use openssl's default entropy srouce
2025-09-04 22:26:06.792 [warning] [openssl_factory.cc:OpensslDrbg:83] Yacl has been configured to use Yacl's entropy source, but unable to find one. Fallback to use openssl's default entropy srouce
2025-09-04 22:26:06.793 [warning] [openssl_factory.cc:OpensslDrbg:83] Yacl has been configured to use Yacl's entropy source, but unable to find one. Fallback to use openssl's default entropy srouce
2025-09-04 22:27:33.470 [info] [thread_pool.cc:ThreadPool:30] Create a fixed thread pool with size 31
2025-09-04 22:27:33.471 [info] [thread_pool.cc:ThreadPool:30] Create a fixed thread pool with size 31
2025-09-04 22:27:33.479 [info] [thread_pool.cc:ThreadPool:30] Create a fixed thread pool with size 31
2025-09-04 22:56:11.309 [warning] [openssl_factory.cc:OpensslDrbg:83] Yacl has been configured to use Yacl's entropy source, but unable to find one. Fallback to use openssl's default entropy srouce
2025-09-04 22:56:11.309 [warning] [openssl_factory.cc:OpensslDrbg:83] Yacl has been configured to use Yacl's entropy source, but unable to find one. Fallback to use openssl's default entropy srouce
2025-09-04 22:56:11.309 [warning] [openssl_factory.cc:OpensslDrbg:83] Yacl has been configured to use Yacl's entropy source, but unable to find one. Fallback to use openssl's default entropy srouce
2025-09-04 22:56:11.311 [warning] [openssl_factory.cc:OpensslDrbg:83] Yacl has been configured to use Yacl's entropy source, but unable to find one. Fallback to use openssl's default entropy srouce
2025-09-04 22:56:11.311 [warning] [openssl_factory.cc:OpensslDrbg:83] Yacl has been configured to use Yacl's entropy source, but unable to find one. Fallback to use openssl's default entropy srouce
2025-09-04 22:56:11.313 [warning] [openssl_factory.cc:OpensslDrbg:83] Yacl has been configured to use Yacl's entropy source, but unable to find one. Fallback to use openssl's default entropy srouce
2025-09-04 23:02:07.731 [warning] [openssl_factory.cc:OpensslDrbg:83] Yacl has been configured to use Yacl's entropy source, but unable to find one. Fallback to use openssl's default entropy srouce
2025-09-04 23:02:07.732 [warning] [openssl_factory.cc:OpensslDrbg:83] Yacl has been configured to use Yacl's entropy source, but unable to find one. Fallback to use openssl's default entropy srouce
2025-09-04 23:02:07.732 [warning] [openssl_factory.cc:OpensslDrbg:83] Yacl has been configured to use Yacl's entropy source, but unable to find one. Fallback to use openssl's default entropy srouce
2025-09-04 23:02:07.733 [warning] [openssl_factory.cc:OpensslDrbg:83] Yacl has been configured to use Yacl's entropy source, but unable to find one. Fallback to use openssl's default entropy srouce
2025-09-04 23:02:07.735 [warning] [openssl_factory.cc:OpensslDrbg:83] Yacl has been configured to use Yacl's entropy source, but unable to find one. Fallback to use openssl's default entropy srouce
2025-09-04 23:02:07.735 [warning] [openssl_factory.cc:OpensslDrbg:83] Yacl has been configured to use Yacl's entropy source, but unable to find one. Fallback to use openssl's default entropy srouce
2025-09-04 23:15:58.686 [warning] [openssl_factory.cc:OpensslDrbg:83] Yacl has been configured to use Yacl's entropy source, but unable to find one. Fallback to use openssl's default entropy srouce
2025-09-04 23:15:58.686 [warning] [openssl_factory.cc:OpensslDrbg:83] Yacl has been configured to use Yacl's entropy source, but unable to find one. Fallback to use openssl's default entropy srouce
2025-09-04 23:15:58.687 [warning] [openssl_factory.cc:OpensslDrbg:83] Yacl has been configured to use Yacl's entropy source, but unable to find one. Fallback to use openssl's default entropy srouce
2025-09-04 23:15:58.690 [warning] [openssl_factory.cc:OpensslDrbg:83] Yacl has been configured to use Yacl's entropy source, but unable to find one. Fallback to use openssl's default entropy srouce
2025-09-04 23:15:58.692 [warning] [openssl_factory.cc:OpensslDrbg:83] Yacl has been configured to use Yacl's entropy source, but unable to find one. Fallback to use openssl's default entropy srouce
2025-09-04 23:15:58.692 [warning] [openssl_factory.cc:OpensslDrbg:83] Yacl has been configured to use Yacl's entropy source, but unable to find one. Fallback to use openssl's default entropy srouce
2025-09-04 23:17:27.181 [info] [thread_pool.cc:ThreadPool:30] Create a fixed thread pool with size 31
2025-09-04 23:17:27.182 [info] [thread_pool.cc:ThreadPool:30] Create a fixed thread pool with size 31
2025-09-04 23:17:27.182 [info] [thread_pool.cc:ThreadPool:30] Create a fixed thread pool with size 31
2025-09-04 23:25:46.147 [warning] [openssl_factory.cc:OpensslDrbg:83] Yacl has been configured to use Yacl's entropy source, but unable to find one. Fallback to use openssl's default entropy srouce
2025-09-04 23:25:46.147 [warning] [openssl_factory.cc:OpensslDrbg:83] Yacl has been configured to use Yacl's entropy source, but unable to find one. Fallback to use openssl's default entropy srouce
2025-09-04 23:25:46.147 [warning] [openssl_factory.cc:OpensslDrbg:83] Yacl has been configured to use Yacl's entropy source, but unable to find one. Fallback to use openssl's default entropy srouce
2025-09-04 23:25:46.150 [warning] [openssl_factory.cc:OpensslDrbg:83] Yacl has been configured to use Yacl's entropy source, but unable to find one. Fallback to use openssl's default entropy srouce
2025-09-04 23:25:46.151 [warning] [openssl_factory.cc:OpensslDrbg:83] Yacl has been configured to use Yacl's entropy source, but unable to find one. Fallback to use openssl's default entropy srouce
2025-09-04 23:25:46.151 [warning] [openssl_factory.cc:OpensslDrbg:83] Yacl has been configured to use Yacl's entropy source, but unable to find one. Fallback to use openssl's default entropy srouce
2025-09-04 23:27:13.536 [info] [thread_pool.cc:ThreadPool:30] Create a fixed thread pool with size 31
2025-09-04 23:27:13.537 [info] [thread_pool.cc:ThreadPool:30] Create a fixed thread pool with size 31
2025-09-04 23:27:13.537 [info] [thread_pool.cc:ThreadPool:30] Create a fixed thread pool with size 31
2025-09-04 23:29:52.436 [warning] [openssl_factory.cc:OpensslDrbg:83] Yacl has been configured to use Yacl's entropy source, but unable to find one. Fallback to use openssl's default entropy srouce
2025-09-04 23:29:52.436 [warning] [openssl_factory.cc:OpensslDrbg:83] Yacl has been configured to use Yacl's entropy source, but unable to find one. Fallback to use openssl's default entropy srouce
2025-09-04 23:29:52.436 [warning] [openssl_factory.cc:OpensslDrbg:83] Yacl has been configured to use Yacl's entropy source, but unable to find one. Fallback to use openssl's default entropy srouce
2025-09-04 23:29:52.438 [warning] [openssl_factory.cc:OpensslDrbg:83] Yacl has been configured to use Yacl's entropy source, but unable to find one. Fallback to use openssl's default entropy srouce
2025-09-04 23:29:52.439 [warning] [openssl_factory.cc:OpensslDrbg:83] Yacl has been configured to use Yacl's entropy source, but unable to find one. Fallback to use openssl's default entropy srouce
2025-09-04 23:29:52.441 [warning] [openssl_factory.cc:OpensslDrbg:83] Yacl has been configured to use Yacl's entropy source, but unable to find one. Fallback to use openssl's default entropy srouce
2025-09-04 23:31:20.785 [info] [thread_pool.cc:ThreadPool:30] Create a fixed thread pool with size 31
2025-09-04 23:31:20.786 [info] [thread_pool.cc:ThreadPool:30] Create a fixed thread pool with size 31
2025-09-04 23:31:20.786 [info] [thread_pool.cc:ThreadPool:30] Create a fixed thread pool with size 31
2025-09-04 23:34:05.863 [warning] [openssl_factory.cc:OpensslDrbg:83] Yacl has been configured to use Yacl's entropy source, but unable to find one. Fallback to use openssl's default entropy srouce
2025-09-04 23:34:05.863 [warning] [openssl_factory.cc:OpensslDrbg:83] Yacl has been configured to use Yacl's entropy source, but unable to find one. Fallback to use openssl's default entropy srouce
2025-09-04 23:34:05.863 [warning] [openssl_factory.cc:OpensslDrbg:83] Yacl has been configured to use Yacl's entropy source, but unable to find one. Fallback to use openssl's default entropy srouce
2025-09-04 23:34:05.866 [warning] [openssl_factory.cc:OpensslDrbg:83] Yacl has been configured to use Yacl's entropy source, but unable to find one. Fallback to use openssl's default entropy srouce
2025-09-04 23:34:05.867 [warning] [openssl_factory.cc:OpensslDrbg:83] Yacl has been configured to use Yacl's entropy source, but unable to find one. Fallback to use openssl's default entropy srouce
2025-09-04 23:34:05.867 [warning] [openssl_factory.cc:OpensslDrbg:83] Yacl has been configured to use Yacl's entropy source, but unable to find one. Fallback to use openssl's default entropy srouce
2025-09-04 23:35:31.570 [info] [thread_pool.cc:ThreadPool:30] Create a fixed thread pool with size 31
2025-09-04 23:35:31.571 [info] [thread_pool.cc:ThreadPool:30] Create a fixed thread pool with size 31
2025-09-04 23:35:31.572 [info] [thread_pool.cc:ThreadPool:30] Create a fixed thread pool with size 31
2025-09-04 23:39:15.574 [warning] [openssl_factory.cc:OpensslDrbg:83] Yacl has been configured to use Yacl's entropy source, but unable to find one. Fallback to use openssl's default entropy srouce
2025-09-04 23:39:15.574 [warning] [openssl_factory.cc:OpensslDrbg:83] Yacl has been configured to use Yacl's entropy source, but unable to find one. Fallback to use openssl's default entropy srouce
2025-09-04 23:39:15.574 [warning] [openssl_factory.cc:OpensslDrbg:83] Yacl has been configured to use Yacl's entropy source, but unable to find one. Fallback to use openssl's default entropy srouce
2025-09-04 23:39:15.576 [warning] [openssl_factory.cc:OpensslDrbg:83] Yacl has been configured to use Yacl's entropy source, but unable to find one. Fallback to use openssl's default entropy srouce
2025-09-04 23:39:15.577 [warning] [openssl_factory.cc:OpensslDrbg:83] Yacl has been configured to use Yacl's entropy source, but unable to find one. Fallback to use openssl's default entropy srouce
2025-09-04 23:39:15.578 [warning] [openssl_factory.cc:OpensslDrbg:83] Yacl has been configured to use Yacl's entropy source, but unable to find one. Fallback to use openssl's default entropy srouce
2025-09-04 23:40:41.604 [info] [thread_pool.cc:ThreadPool:30] Create a fixed thread pool with size 31
2025-09-04 23:40:41.604 [info] [thread_pool.cc:ThreadPool:30] Create a fixed thread pool with size 31
2025-09-04 23:40:41.606 [info] [thread_pool.cc:ThreadPool:30] Create a fixed thread pool with size 31
2025-09-04 23:45:35.825 [warning] [openssl_factory.cc:OpensslDrbg:83] Yacl has been configured to use Yacl's entropy source, but unable to find one. Fallback to use openssl's default entropy srouce
2025-09-04 23:45:35.825 [warning] [openssl_factory.cc:OpensslDrbg:83] Yacl has been configured to use Yacl's entropy source, but unable to find one. Fallback to use openssl's default entropy srouce
2025-09-04 23:45:35.825 [warning] [openssl_factory.cc:OpensslDrbg:83] Yacl has been configured to use Yacl's entropy source, but unable to find one. Fallback to use openssl's default entropy srouce
2025-09-04 23:45:35.828 [warning] [openssl_factory.cc:OpensslDrbg:83] Yacl has been configured to use Yacl's entropy source, but unable to find one. Fallback to use openssl's default entropy srouce
2025-09-04 23:45:35.828 [warning] [openssl_factory.cc:OpensslDrbg:83] Yacl has been configured to use Yacl's entropy source, but unable to find one. Fallback to use openssl's default entropy srouce
2025-09-04 23:45:35.828 [warning] [openssl_factory.cc:OpensslDrbg:83] Yacl has been configured to use Yacl's entropy source, but unable to find one. Fallback to use openssl's default entropy srouce
2025-09-04 23:47:04.308 [info] [thread_pool.cc:ThreadPool:30] Create a fixed thread pool with size 31
2025-09-04 23:47:04.309 [info] [thread_pool.cc:ThreadPool:30] Create a fixed thread pool with size 31
2025-09-04 23:47:04.310 [info] [thread_pool.cc:ThreadPool:30] Create a fixed thread pool with size 31
2025-09-05 10:44:42.913 [warning] [openssl_factory.cc:OpensslDrbg:83] Yacl has been configured to use Yacl's entropy source, but unable to find one. Fallback to use openssl's default entropy srouce
2025-09-05 10:44:42.913 [warning] [openssl_factory.cc:OpensslDrbg:83] Yacl has been configured to use Yacl's entropy source, but unable to find one. Fallback to use openssl's default entropy srouce
2025-09-05 10:44:42.913 [warning] [openssl_factory.cc:OpensslDrbg:83] Yacl has been configured to use Yacl's entropy source, but unable to find one. Fallback to use openssl's default entropy srouce
2025-09-05 10:44:42.915 [warning] [openssl_factory.cc:OpensslDrbg:83] Yacl has been configured to use Yacl's entropy source, but unable to find one. Fallback to use openssl's default entropy srouce
2025-09-05 10:44:42.916 [warning] [openssl_factory.cc:OpensslDrbg:83] Yacl has been configured to use Yacl's entropy source, but unable to find one. Fallback to use openssl's default entropy srouce
2025-09-05 10:44:42.916 [warning] [openssl_factory.cc:OpensslDrbg:83] Yacl has been configured to use Yacl's entropy source, but unable to find one. Fallback to use openssl's default entropy srouce
2025-09-05 10:46:08.405 [info] [thread_pool.cc:ThreadPool:30] Create a fixed thread pool with size 31
2025-09-05 10:46:08.406 [info] [thread_pool.cc:ThreadPool:30] Create a fixed thread pool with size 31
2025-09-05 10:46:08.406 [info] [thread_pool.cc:ThreadPool:30] Create a fixed thread pool with size 31
2025-09-05 10:50:20.706 [warning] [openssl_factory.cc:OpensslDrbg:83] Yacl has been configured to use Yacl's entropy source, but unable to find one. Fallback to use openssl's default entropy srouce
2025-09-05 10:50:20.706 [warning] [openssl_factory.cc:OpensslDrbg:83] Yacl has been configured to use Yacl's entropy source, but unable to find one. Fallback to use openssl's default entropy srouce
2025-09-05 10:50:20.707 [warning] [openssl_factory.cc:OpensslDrbg:83] Yacl has been configured to use Yacl's entropy source, but unable to find one. Fallback to use openssl's default entropy srouce
2025-09-05 10:50:20.710 [warning] [openssl_factory.cc:OpensslDrbg:83] Yacl has been configured to use Yacl's entropy source, but unable to find one. Fallback to use openssl's default entropy srouce
2025-09-05 10:50:20.710 [warning] [openssl_factory.cc:OpensslDrbg:83] Yacl has been configured to use Yacl's entropy source, but unable to find one. Fallback to use openssl's default entropy srouce
2025-09-05 10:50:20.710 [warning] [openssl_factory.cc:OpensslDrbg:83] Yacl has been configured to use Yacl's entropy source, but unable to find one. Fallback to use openssl's default entropy srouce
2025-09-05 10:51:45.338 [info] [thread_pool.cc:ThreadPool:30] Create a fixed thread pool with size 31
2025-09-05 10:51:45.338 [info] [thread_pool.cc:ThreadPool:30] Create a fixed thread pool with size 31
2025-09-05 10:51:45.338 [info] [thread_pool.cc:ThreadPool:30] Create a fixed thread pool with size 31
2025-09-05 10:59:10.862 [warning] [openssl_factory.cc:OpensslDrbg:83] Yacl has been configured to use Yacl's entropy source, but unable to find one. Fallback to use openssl's default entropy srouce
2025-09-05 10:59:10.862 [warning] [openssl_factory.cc:OpensslDrbg:83] Yacl has been configured to use Yacl's entropy source, but unable to find one. Fallback to use openssl's default entropy srouce
2025-09-05 10:59:10.862 [warning] [openssl_factory.cc:OpensslDrbg:83] Yacl has been configured to use Yacl's entropy source, but unable to find one. Fallback to use openssl's default entropy srouce
2025-09-05 10:59:10.866 [warning] [openssl_factory.cc:OpensslDrbg:83] Yacl has been configured to use Yacl's entropy source, but unable to find one. Fallback to use openssl's default entropy srouce
2025-09-05 10:59:10.866 [warning] [openssl_factory.cc:OpensslDrbg:83] Yacl has been configured to use Yacl's entropy source, but unable to find one. Fallback to use openssl's default entropy srouce
2025-09-05 10:59:10.867 [warning] [openssl_factory.cc:OpensslDrbg:83] Yacl has been configured to use Yacl's entropy source, but unable to find one. Fallback to use openssl's default entropy srouce
2025-09-05 11:00:36.500 [info] [thread_pool.cc:ThreadPool:30] Create a fixed thread pool with size 31
2025-09-05 11:00:36.500 [info] [thread_pool.cc:ThreadPool:30] Create a fixed thread pool with size 31
2025-09-05 11:00:36.501 [info] [thread_pool.cc:ThreadPool:30] Create a fixed thread pool with size 31
2025-09-05 11:08:45.367 [warning] [openssl_factory.cc:OpensslDrbg:83] Yacl has been configured to use Yacl's entropy source, but unable to find one. Fallback to use openssl's default entropy srouce
2025-09-05 11:08:45.367 [warning] [openssl_factory.cc:OpensslDrbg:83] Yacl has been configured to use Yacl's entropy source, but unable to find one. Fallback to use openssl's default entropy srouce
2025-09-05 11:08:45.370 [warning] [openssl_factory.cc:OpensslDrbg:83] Yacl has been configured to use Yacl's entropy source, but unable to find one. Fallback to use openssl's default entropy srouce
2025-09-05 11:08:45.370 [warning] [openssl_factory.cc:OpensslDrbg:83] Yacl has been configured to use Yacl's entropy source, but unable to find one. Fallback to use openssl's default entropy srouce
2025-09-05 11:08:45.370 [warning] [openssl_factory.cc:OpensslDrbg:83] Yacl has been configured to use Yacl's entropy source, but unable to find one. Fallback to use openssl's default entropy srouce
2025-09-05 11:08:45.375 [warning] [openssl_factory.cc:OpensslDrbg:83] Yacl has been configured to use Yacl's entropy source, but unable to find one. Fallback to use openssl's default entropy srouce
2025-09-05 11:10:11.426 [info] [thread_pool.cc:ThreadPool:30] Create a fixed thread pool with size 31
2025-09-05 11:10:11.426 [info] [thread_pool.cc:ThreadPool:30] Create a fixed thread pool with size 31
2025-09-05 11:10:11.426 [info] [thread_pool.cc:ThreadPool:30] Create a fixed thread pool with size 31
